<?xml version="1.0" encoding="utf-8"?><testsuites name="pytest tests"><testsuite name="pytest" errors="0" failures="0" skipped="0" tests="4" time="0.890" timestamp="2026-09-04T23:19:40.623473+02:00" hostname="DESKTOP-DEJ8RQN"><testcase classname="paper.organiser-bound-source-response-operator.code.test_audit" name="test_source_corruption_is_rejected[missing]" time="0.008" /><testcase classname="paper.organiser-bound-source-response-operator.code.test_audit" name="test_source_corruption_is_rejected[size]" time="0.002" /><testcase classname="paper.organiser-bound-source-response-operator.code.test_audit" name="test_source_corruption_is_rejected[hash]" time="0.003" /><testcase classname="paper.organiser-bound-source-response-operator.code.test_audit" name="test_radius_respects_periodic_seam_and_mass_threshold" time="0.001" /></testsuite></testsuites>